<?xml version="1.0" encoding="UTF-8"?>
<!-- Generated by org.testng.reporters.JUnitXMLReporter -->
<testsuite ignored="0" hostname="LTIN718418" failures="0" tests="5" name="Default test" time="6.205" errors="0" timestamp="2026-05-04T11:25:10 IST">
  <testcase classname="tests.SportsFilterTest" name="testSportsPageNavigation" time="0.074"/>
  <testcase classname="tests.SportsFilterTest" name="testTotalEventCount" time="0.156"/>
  <testcase classname="tests.SportsFilterTest" name="testSearchFunctionality" time="0.992"/>
  <testcase classname="tests.SportsFilterTest" name="testWeekendFilter" time="0.849"/>
  <testcase classname="tests.SportsFilterTest" name="testClearAllFilters" time="1.281"/>
</testsuite> <!-- Default test -->
