<?xml version="1.0" encoding="UTF-8"?>
<!-- Generated by org.testng.reporters.JUnitXMLReporter -->
<testsuite ignored="0" hostname="LTIN718912" failures="0" tests="5" name="Authentication Tests" time="5.48" errors="0" timestamp="2026-05-06T13:56:28 IST">
  <testcase classname="tests.AuthenticationTest" name="testRegistrationTabVisibility" time="0.096"/>
  <testcase classname="tests.AuthenticationTest" name="testSuccessfulRegistration" time="1.642"/>
  <testcase classname="tests.AuthenticationTest" name="testInvalidLoginErrorMessage" time="1.315"/>
  <testcase classname="tests.AuthenticationTest" name="testEmptyFieldsValidation" time="0.961"/>
  <testcase classname="tests.AuthenticationTest" name="testSuccessfulLogin" time="1.134"/>
</testsuite> <!-- Authentication Tests -->
