<?xml version="1.0" encoding="UTF-8"?>
<!-- Generated by org.testng.reporters.JUnitXMLReporter -->
<testsuite ignored="0" hostname="LTIN718912" failures="0" tests="5" name="Home Page Tests" time="2.994" errors="0" timestamp="2026-05-06T13:56:15 IST">
  <testcase classname="tests.HomePageTest" name="testPageTitleAndLogo" time="0.673"/>
  <testcase classname="tests.HomePageTest" name="testSearchBarInteraction" time="0.502"/>
  <testcase classname="tests.HomePageTest" name="testFooterCopyrightYear" time="0.111"/>
  <testcase classname="tests.HomePageTest" name="testNavigationToSignIn" time="0.637"/>
  <testcase classname="tests.HomePageTest" name="testMoviesLinkNavigation" time="0.833"/>
</testsuite> <!-- Home Page Tests -->
