<?xml version="1.0" encoding="UTF-8"?>
<!-- Generated by org.testng.reporters.JUnitXMLReporter -->
<testsuite ignored="0" hostname="LTIN718912" failures="0" tests="5" name="Sports Filter Tests" time="4.399" errors="0" timestamp="2026-05-06T13:56:23 IST">
  <testcase classname="tests.SportsFilterTest" name="testSportsPageNavigation" time="0.02"/>
  <testcase classname="tests.SportsFilterTest" name="testTotalEventCount" time="0.123"/>
  <testcase classname="tests.SportsFilterTest" name="testSearchFunctionality" time="0.619"/>
  <testcase classname="tests.SportsFilterTest" name="testWeekendFilter" time="0.575"/>
  <testcase classname="tests.SportsFilterTest" name="testClearAllFilters" time="1.025"/>
</testsuite> <!-- Sports Filter Tests -->
