<?xml version="1.0" encoding="UTF-8"?>
<!-- Generated by org.testng.reporters.JUnitReportReporter -->
<testsuite hostname="LTIN718912" failures="0" tests="5" name="tests.SportsFilterTest" time="2.362" errors="0" timestamp="2026-05-06T13:56:34 IST" skipped="0">
  <testcase classname="tests.SportsFilterTest" name="testSportsPageNavigation" time="0.020"/>
  <testcase classname="tests.SportsFilterTest" name="testTotalEventCount" time="0.123"/>
  <testcase classname="tests.SportsFilterTest" name="testSearchFunctionality" time="0.619"/>
  <testcase classname="tests.SportsFilterTest" name="testWeekendFilter" time="0.575"/>
  <testcase classname="tests.SportsFilterTest" name="testClearAllFilters" time="1.025"/>
</testsuite> <!-- tests.SportsFilterTest -->
