<?xml version="1.0" encoding="UTF-8"?>
<!-- Generated by org.testng.reporters.JUnitReportReporter -->
<testsuite hostname="LTIN718912" failures="0" tests="5" name="tests.AuthenticationTest" time="5.148" errors="0" timestamp="2026-05-06T13:56:34 IST" skipped="0">
  <testcase classname="tests.AuthenticationTest" name="testRegistrationTabVisibility" time="0.096"/>
  <testcase classname="tests.AuthenticationTest" name="testSuccessfulRegistration" time="1.642"/>
  <testcase classname="tests.AuthenticationTest" name="testInvalidLoginErrorMessage" time="1.315"/>
  <testcase classname="tests.AuthenticationTest" name="testEmptyFieldsValidation" time="0.961"/>
  <testcase classname="tests.AuthenticationTest" name="testSuccessfulLogin" time="1.134"/>
</testsuite> <!-- tests.AuthenticationTest -->
