<?xml version="1.0" encoding="UTF-8"?>
<!-- Generated by org.testng.reporters.JUnitReportReporter -->
<testsuite hostname="LTIN718912" failures="0" tests="5" name="tests.MovieDashboardTest" time="2.952" errors="0" timestamp="2026-05-06T13:56:34 IST" skipped="0">
  <testcase classname="tests.MovieDashboardTest" name="testTotalMoviesDisplayed" time="0.146"/>
  <testcase classname="tests.MovieDashboardTest" name="testSectionNavigationScroll" time="2.053"/>
  <testcase classname="tests.MovieDashboardTest" name="testRecommendedSectionCount" time="0.113"/>
  <testcase classname="tests.MovieDashboardTest" name="testTopRatedRibbonVisibility" time="0.127"/>
  <testcase classname="tests.MovieDashboardTest" name="testMovieTitleIntegrity" time="0.513"/>
</testsuite> <!-- tests.MovieDashboardTest -->
